<?xml version="1.0" encoding="UTF-8"?>
<!-- Generated by org.testng.reporters.JUnitReportReporter -->
<testsuite hostname="CR7" failures="0" tests="2" name="PracticePojo.Test_Courses" time="2.875" errors="0" timestamp="2024-08-29T23:05:05 EDT" skipped="0">
  <testcase classname="PracticePojo.Test_Courses" name="DeserializeToken" time="2.105"/>
  <testcase classname="PracticePojo.Test_Courses" name="DeserializeCourses" time="0.770"/>
</testsuite> <!-- PracticePojo.Test_Courses -->
