<?xml version="1.0" encoding="UTF-8"?>
<!-- Generated by org.testng.reporters.JUnitReportReporter -->
<testsuite hostname="CR7" failures="0" tests="4" name="ParallelExecution_XMLSuite.TestNGParallelTesting1" time="0.046" errors="0" timestamp="2024-11-16T21:14:04 EST" skipped="0">
  <testcase classname="ParallelExecution_XMLSuite.TestNGParallelTesting1" name="Test1" time="0.016"/>
  <testcase classname="ParallelExecution_XMLSuite.TestNGParallelTesting1" name="Test3" time="0.002"/>
  <testcase classname="ParallelExecution_XMLSuite.TestNGParallelTesting1" name="Test1" time="0.016"/>
  <testcase classname="ParallelExecution_XMLSuite.TestNGParallelTesting1" name="Test2" time="0.012"/>
</testsuite> <!-- ParallelExecution_XMLSuite.TestNGParallelTesting1 -->
