<?xml version="1.0" encoding="UTF-8"?>
<!-- Generated by org.testng.reporters.JUnitReportReporter -->
<testsuite hostname="CR7" failures="0" tests="1" name="Authentication.OAuth2" time="3.322" errors="0" timestamp="2024-08-24T15:22:53 EDT" skipped="0">
  <testcase classname="Authentication.OAuth2" name="GenerateToken" time="3.322"/>
</testsuite> <!-- Authentication.OAuth2 -->
