<?xml version="1.0" encoding="UTF-8"?>
<!-- Generated by org.testng.reporters.JUnitReportReporter -->
<testsuite hostname="CR7" failures="0" tests="1" name="FilePayload.JsonFromFile" time="1.965" errors="0" timestamp="2024-08-24T15:13:04 EDT" skipped="0">
  <testcase classname="FilePayload.JsonFromFile" name="readJsonFile" time="1.965"/>
</testsuite> <!-- FilePayload.JsonFromFile -->
