<?xml version="1.0" encoding="UTF-8"?>
<!-- Generated by org.testng.reporters.JUnitReportReporter -->
<testsuite hostname="CR7" failures="0" tests="5" name="ParallelExecution.TestNGParallelTesting" time="0.038" errors="0" timestamp="2024-11-16T19:17:47 EST" skipped="0">
  <testcase classname="ParallelExecution.TestNGParallelTesting" name="Test3" time="0.001"/>
  <testcase classname="ParallelExecution.TestNGParallelTesting" name="Test1" time="0.012"/>
  <testcase classname="ParallelExecution.TestNGParallelTesting" name="Test2" time="0.010"/>
  <testcase classname="ParallelExecution.TestNGParallelTesting" name="Test1" time="0.012"/>
  <testcase classname="ParallelExecution.TestNGParallelTesting" name="Test1" time="0.003"/>
</testsuite> <!-- ParallelExecution.TestNGParallelTesting -->
