<?xml version="1.0" encoding="UTF-8"?>
<!-- Generated by org.testng.reporters.JUnitReportReporter -->
<testsuite hostname="CR7" failures="0" tests="1" name="BDD.GETUserList" time="3.137" errors="0" timestamp="2024-08-03T15:04:41 EDT" skipped="0">
  <testcase classname="BDD.GETUserList" name="getUserList" time="3.137"/>
</testsuite> <!-- BDD.GETUserList -->
