<?xml version="1.0" encoding="UTF-8"?>
<!-- Generated by org.testng.reporters.JUnitReportReporter -->
<testsuite hostname="CR7" failures="0" tests="1" name="com.herokuapp.resfulbooker.HealthCheckTest" time="1.221" errors="0" timestamp="2024-08-01T21:19:44 EDT" skipped="0">
  <testcase classname="com.herokuapp.resfulbooker.HealthCheckTest" name="HealthCheckTest" time="1.221"/>
</testsuite> <!-- com.herokuapp.resfulbooker.HealthCheckTest -->
