<?xml version="1.0" encoding="UTF-8"?>
<!-- Generated by org.testng.reporters.JUnitReportReporter -->
<testsuite hostname="CR7" failures="0" tests="1" name="POJO_Serialize.SerializeRoot" time="2.169" errors="0" timestamp="2024-10-16T22:32:20 EDT" skipped="0">
  <testcase classname="POJO_Serialize.SerializeRoot" name="SetBody" time="2.169"/>
</testsuite> <!-- POJO_Serialize.SerializeRoot -->
