<?xml version="1.0" encoding="UTF-8"?>
<!-- Generated by org.testng.reporters.JUnitReportReporter -->
<testsuite hostname="CR7" failures="0" tests="3" name="ParallelExecution.TestNGParallelTesting2" time="0.015" errors="0" timestamp="2024-11-16T19:46:20 EST" skipped="0">
  <testcase classname="ParallelExecution.TestNGParallelTesting2" name="Test5" time="0.002"/>
  <testcase classname="ParallelExecution.TestNGParallelTesting2" name="Test6" time="0.002"/>
  <testcase classname="ParallelExecution.TestNGParallelTesting2" name="Test4" time="0.011"/>
</testsuite> <!-- ParallelExecution.TestNGParallelTesting2 -->
