<?xml version="1.0" encoding="UTF-8"?>
<!-- Generated by org.testng.reporters.JUnitReportReporter -->
<testsuite hostname="CR7" failures="0" tests="5" name="ParallelExecution.TestNGParallelTesting1" time="0.029" errors="0" timestamp="2024-11-16T19:46:20 EST" skipped="0">
  <testcase classname="ParallelExecution.TestNGParallelTesting1" name="Test3" time="0.001"/>
  <testcase classname="ParallelExecution.TestNGParallelTesting1" name="Test2" time="0.001"/>
  <testcase classname="ParallelExecution.TestNGParallelTesting1" name="Test1" time="0.013"/>
  <testcase classname="ParallelExecution.TestNGParallelTesting1" name="Test1" time="0.013"/>
  <testcase classname="ParallelExecution.TestNGParallelTesting1" name="Test1" time="0.001"/>
</testsuite> <!-- ParallelExecution.TestNGParallelTesting1 -->
