<?xml version="1.0" encoding="UTF-8"?>
<!-- Generated by org.testng.reporters.JUnitReportReporter -->
<testsuite hostname="CR7" failures="0" tests="1" name="com.herokuapp.resfulbooker.GetBookingID_OldFashion" time="1.662" errors="0" timestamp="2024-08-01T21:37:23 EDT" skipped="0">
  <testcase classname="com.herokuapp.resfulbooker.GetBookingID_OldFashion" name="getBookingIds_OldFashion" time="1.662"/>
</testsuite> <!-- com.herokuapp.resfulbooker.GetBookingID_OldFashion -->
