<?xml version="1.0" encoding="UTF-8"?>
<!-- Generated by org.testng.reporters.JUnitReportReporter -->
<testsuite hostname="CR7" failures="0" tests="1" name="POJO.PojoMain" time="3.289" errors="0" timestamp="2024-10-13T17:36:08 EDT" skipped="0">
  <testcase classname="POJO.PojoMain" name="PojoCourses" time="3.289"/>
</testsuite> <!-- POJO.PojoMain -->
