<?xml version="1.0" encoding="UTF-8"?>
<!-- Generated by org.testng.reporters.JUnitReportReporter -->
<testsuite hostname="CR7" failures="0" tests="1" name="com.herokuapp.resfulbooker.GetBookingIdsTest" time="1.191" errors="0" timestamp="2024-07-31T00:43:39 EDT" skipped="0">
  <testcase classname="com.herokuapp.resfulbooker.GetBookingIdsTest" name="GetBookingIdsTest" time="1.191"/>
</testsuite> <!-- com.herokuapp.resfulbooker.GetBookingIdsTest -->
