<?xml version="1.0" encoding="UTF-8"?>
<!-- Generated by org.testng.reporters.JUnitReportReporter -->
<testsuite hostname="CR7" failures="0" tests="1" name="BDD.PUTUserUpdate" time="2.157" errors="0" timestamp="2024-08-03T15:12:51 EDT" skipped="0">
  <testcase classname="BDD.PUTUserUpdate" name="putUserUpdate" time="2.157"/>
</testsuite> <!-- BDD.PUTUserUpdate -->
