<?xml version="1.0" encoding="UTF-8"?>
<!-- Generated by org.testng.reporters.JUnitReportReporter -->
<testsuite hostname="CR7" failures="0" tests="3" name="ParallelExecution_XMLSuite.TestNGParallelTesting2" time="0.014" errors="0" timestamp="2024-11-16T19:49:40 EST" skipped="0">
  <testcase classname="ParallelExecution_XMLSuite.TestNGParallelTesting2" name="Test5" time="0.002"/>
  <testcase classname="ParallelExecution_XMLSuite.TestNGParallelTesting2" name="Test4" time="0.010"/>
  <testcase classname="ParallelExecution_XMLSuite.TestNGParallelTesting2" name="Test6" time="0.002"/>
</testsuite> <!-- ParallelExecution_XMLSuite.TestNGParallelTesting2 -->
